d:\c\vsc\source\vsc\debug\vc120.pdb
d:\c\vsc\source\vsc\debug\vc120.idb
d:\c\vsc\source\vsc\debug\hello.obj
d:\c\vsc\source\vsc\debug\first.obj
d:\c\vsc\source\vsc\debug\main.obj
d:\c\vsc\source\vsc\debug\fathm_ft.obj
d:\c\vsc\source\vsc\debug\two_func.obj
d:\c\vsc\source\vsc\debug\nogood.obj
d:\c\vsc\source\vsc\debug\main_rhodium.obj
d:\c\vsc\source\vsc\debug\rhodium.obj
d:\c\vsc\source\vsc\debug\print1.obj
d:\c\vsc\source\vsc\debug\bases.obj
d:\c\vsc\source\vsc\debug\toobig.obj
d:\c\vsc\source\debug\vsc.ilk
d:\c\vsc\source\debug\vsc.exe
d:\c\vsc\source\debug\vsc.pdb
d:\source\git\c\vsc\source\vsc\debug\bases.obj
d:\source\git\c\vsc\source\vsc\debug\fathm_ft.obj
d:\source\git\c\vsc\source\vsc\debug\first.obj
d:\source\git\c\vsc\source\vsc\debug\hello.obj
d:\source\git\c\vsc\source\vsc\debug\main.obj
d:\source\git\c\vsc\source\vsc\debug\main_rhodium.obj
d:\source\git\c\vsc\source\vsc\debug\nogood.obj
d:\source\git\c\vsc\source\vsc\debug\print1.obj
d:\source\git\c\vsc\source\vsc\debug\rhodium.obj
d:\source\git\c\vsc\source\vsc\debug\toobig.obj
d:\source\git\c\vsc\source\vsc\debug\two_func.obj
d:\source\git\c\vsc\source\vsc\debug\vc120.idb
d:\source\git\c\vsc\source\vsc\debug\vc120.pdb
d:\source\git\c\vsc\source\debug\vsc.pdb
d:\source\git\c\vsc\source\debug\vsc.exe
d:\source\git\c\vsc\source\debug\vsc.ilk
d:\source\git\c\vsc\source\vsc\debug\vsc.tlog\cl.command.1.tlog
d:\source\git\c\vsc\source\vsc\debug\vsc.tlog\cl.read.1.tlog
d:\source\git\c\vsc\source\vsc\debug\vsc.tlog\cl.write.1.tlog
d:\source\git\c\vsc\source\vsc\debug\vsc.tlog\link.command.1.tlog
d:\source\git\c\vsc\source\vsc\debug\vsc.tlog\link.read.1.tlog
d:\source\git\c\vsc\source\vsc\debug\vsc.tlog\link.write.1.tlog
